<?xml version="1.0" encoding="UTF-8"?>
<!-- Generated by org.testng.reporters.JUnitXMLReporter -->
<testsuite hostname="INBLRWIT238540" ignored="0" name="Command line test" tests="1" failures="0" timestamp="16 Mar 2020 05:22:08 GMT" time="0.064" errors="0">
  <testcase name="@BeforeClass launchSelectBrowser" time="0.033" classname="com.edureka.project.genericLib.BaseClass">
    <failure type="java.io.FileNotFoundException" message=".\testData\commonData.properties (The system cannot find the path specified)">
      <![CDATA[java.io.FileNotFoundException: .\testData\commonData.properties (The system cannot find the path specified)
at java.io.FileInputStream.open0(Native Method)
at java.io.FileInputStream.open(Unknown Source)
at java.io.FileInputStream.<init>(Unknown Source)
at java.io.FileInputStream.<init>(Unknown Source)
at com.edureka.project.genericLib.FileLib.getCommonData(FileLib.java:27)
at com.edureka.project.genericLib.BaseClass.launchSelectBrowser(BaseClass.java:36)
at Credentials.TestRunner.main(TestRunner.java:11)
... Removed 23 stack frames]]>
    </failure>
  </testcase> <!-- @BeforeClass launchSelectBrowser -->
  <testcase name="@BeforeMethod loginTo" time="0.0" classname="com.edureka.project.genericLib.BaseClass">
    <skipped/>
  </testcase> <!-- @BeforeMethod loginTo -->
  <testcase name="@AfterMethod close" time="0.0" classname="com.edureka.project.genericLib.BaseClass">
    <skipped/>
  </testcase> <!-- @AfterMethod close -->
  <testcase name="InvalidcredentialTest" time="0.0" classname="Credentials.InvalidLogin$ValidateCredentialsTest">
    <skipped/>
  </testcase> <!-- InvalidcredentialTest -->
</testsuite> <!-- Command line test -->
