<?xml version="1.0" encoding="UTF-8"?>
<testng-results skipped="0" failed="0" ignored="0" total="1" passed="1">
  <reporter-output>
  </reporter-output>
  <suite name="Suite" duration-ms="11206" started-at="2020-03-13T12:05:20Z" finished-at="2020-03-13T12:05:31Z">
    <groups>
    </groups>
    <test name="Test" duration-ms="11206" started-at="2020-03-13T12:05:20Z" finished-at="2020-03-13T12:05:31Z">
      <class name="Credentials.InvalidLogin$ValidateCredentialsTest">
        <test-method status="PASS" signature="launchSelectBrowser()[pri:0, instance:Credentials.InvalidLogin$ValidateCredentialsTest@7f9a81e8]" name="launchSelectBrowser" is-config="true" duration-ms="5750" started-at="2020-03-13T12:05:20Z" finished-at="2020-03-13T12:05:26Z">
          <reporter-output>
          </reporter-output>
        </test-method> <!-- launchSelectBrowser -->
        <test-method status="PASS" signature="loginTo()[pri:0, instance:Credentials.InvalidLogin$ValidateCredentialsTest@7f9a81e8]" name="loginTo" is-config="true" duration-ms="4374" started-at="2020-03-13T12:05:26Z" finished-at="2020-03-13T12:05:30Z">
          <reporter-output>
          </reporter-output>
        </test-method> <!-- loginTo -->
        <test-method status="PASS" signature="InvalidcredentialTest()[pri:0, instance:Credentials.InvalidLogin$ValidateCredentialsTest@7f9a81e8]" name="InvalidcredentialTest" duration-ms="70" started-at="2020-03-13T12:05:30Z" finished-at="2020-03-13T12:05:30Z">
          <reporter-output>
          </reporter-output>
        </test-method> <!-- InvalidcredentialTest -->
        <test-method status="PASS" signature="close()[pri:0, instance:Credentials.InvalidLogin$ValidateCredentialsTest@7f9a81e8]" name="close" is-config="true" duration-ms="973" started-at="2020-03-13T12:05:30Z" finished-at="2020-03-13T12:05:31Z">
          <reporter-output>
          </reporter-output>
        </test-method> <!-- close -->
      </class> <!-- Credentials.InvalidLogin$ValidateCredentialsTest -->
    </test> <!-- Test -->
  </suite> <!-- Suite -->
</testng-results>
